<?xml version="1.0" encoding="UTF-8"?>
<testsuite name="co.interseed.tests.LandscapePageTest" tests="1" skipped="0" failures="0" errors="0" timestamp="2021-07-20T08:45:04" hostname="LAPTOP-LNS5QHEQ" time="3.671">
  <properties/>
  <testcase name="UploadLandscapeTest" classname="co.interseed.tests.LandscapePageTest" time="3.671"/>
  <system-out><![CDATA[]]></system-out>
  <system-err><![CDATA[Starting ChromeDriver 90.0.4430.24 (4c6d850f087da467d926e8eddb76550aed655991-refs/branch-heads/4430@{#429}) on port 44241
Only local connections are allowed.
Please see https://chromedriver.chromium.org/security-considerations for suggestions on keeping ChromeDriver safe.
ChromeDriver was started successfully.
[1626770703.690][WARNING]: This version of ChromeDriver has not been tested with Chrome version 91.
Jul 20, 2021 4:45:03 PM org.openqa.selenium.remote.ProtocolHandshake createSession
INFO: Detected dialect: W3C
]]></system-err>
</testsuite>
